#
# There is insufficient memory for the Java Runtime Environment to continue.
# Native memory allocation (mmap) failed to map 130023424 bytes for committing reserved memory.
# Possible reasons:
#   The system is out of physical RAM or swap space
#   In 32 bit mode, the process size limit was hit
# Possible solutions:
#   Reduce memory load on the system
#   Increase physical memory or swap space
#   Check if swap backing store is full
#   Use 64 bit Java on a 64 bit OS
#   Decrease Java heap size (-Xmx/-Xms)
#   Decrease number of Java threads
#   Decrease Java thread stack sizes (-Xss)
#   Set larger code cache with -XX:ReservedCodeCacheSize=
# This output file may be truncated or incomplete.
#
#  Out of Memory Error (os_linux.cpp:2627), pid=7466, tid=0x00007f3678264700
#
# JRE version: OpenJDK Runtime Environment (8.0_112-b06) (build 1.8.0_112-release-b06)
# Java VM: OpenJDK 64-Bit Server VM (25.112-b06 mixed mode linux-amd64 compressed oops)
# Failed to write core dump. Core dumps have been disabled. To enable core dumping, try "ulimit -c unlimited" before starting Java again
#

---------------  T H R E A D  ---------------

Current thread (0x00007f368c077800):  VMThread [stack: 0x00007f3678164000,0x00007f3678265000] [id=7491]

Stack: [0x00007f3678164000,0x00007f3678265000],  sp=0x00007f36782634c0,  free space=1021k
Native frames: (J=compiled Java code, j=interpreted, Vv=VM code, C=native code)
V  [libjvm.so+0x9e465d]  VMError::report_and_die()+0x15d
V  [libjvm.so+0x4b6ada]  report_vm_out_of_memory(char const*, int, unsigned long, VMErrorType, char const*)+0x8a
V  [libjvm.so+0x84c860]  os::pd_commit_memory(char*, unsigned long, unsigned long, bool)+0xf0
V  [libjvm.so+0x84737f]  os::commit_memory(char*, unsigned long, unsigned long, bool)+0x1f
V  [libjvm.so+0x8bd3db]  PSVirtualSpace::expand_by(unsigned long)+0x5b
V  [libjvm.so+0x8be050]  PSYoungGen::resize_generation(unsigned long, unsigned long)+0xb0
V  [libjvm.so+0x8be36b]  PSYoungGen::resize(unsigned long, unsigned long)+0x1b
V  [libjvm.so+0x8baa5c]  PSScavenge::invoke_no_policy()+0xdac
V  [libjvm.so+0x8bb238]  PSScavenge::invoke()+0x38
V  [libjvm.so+0x86fcf3]  ParallelScavengeHeap::failed_mem_allocate(unsigned long)+0x63
V  [libjvm.so+0x9e6124]  VM_ParallelGCFailedAllocation::doit()+0x84
V  [libjvm.so+0x9ea537]  VM_Operation::evaluate()+0x47
V  [libjvm.so+0x9e8ff8]  VMThread::evaluate_operation(VM_Operation*)+0x2c8
V  [libjvm.so+0x9e9479]  VMThread::loop()+0x219
V  [libjvm.so+0x9e98c2]  VMThread::run()+0x72
V  [libjvm.so+0x849c82]  java_start(Thread*)+0xf2

VM_Operation (0x00007f367351ae40): ParallelGCFailedAllocation, mode: safepoint, requested by thread 0x00007f368c14c800


---------------  P R O C E S S  ---------------

Java Threads: ( => current thread )
  0x00007f368c14c800 JavaThread "pool-1-thread-1" [_thread_blocked, id=7517, stack(0x00007f367341c000,0x00007f367351d000)]
  0x00007f368c0d2000 JavaThread "Service Thread" daemon [_thread_blocked, id=7499, stack(0x00007f367371f000,0x00007f3673820000)]
  0x00007f368c0bc800 JavaThread "C1 CompilerThread2" daemon [_thread_blocked, id=7498, stack(0x00007f3673820000,0x00007f3673921000)]
  0x00007f368c0bb000 JavaThread "C2 CompilerThread1" daemon [_thread_blocked, id=7497, stack(0x00007f3673921000,0x00007f3673a22000)]
  0x00007f368c0b8000 JavaThread "C2 CompilerThread0" daemon [_thread_blocked, id=7496, stack(0x00007f3673a22000,0x00007f3673b23000)]
  0x00007f368c0b6800 JavaThread "Signal Dispatcher" daemon [_thread_blocked, id=7495, stack(0x00007f3673b23000,0x00007f3673c24000)]
  0x00007f368c084000 JavaThread "Finalizer" daemon [_thread_blocked, id=7493, stack(0x00007f3673eff000,0x00007f3674000000)]
  0x00007f368c07f800 JavaThread "Reference Handler" daemon [_thread_blocked, id=7492, stack(0x00007f3678063000,0x00007f3678164000)]
  0x00007f368c00a000 JavaThread "main" [_thread_blocked, id=7467, stack(0x00007f3692727000,0x00007f3692828000)]

Other Threads:
=>0x00007f368c077800 VMThread [stack: 0x00007f3678164000,0x00007f3678265000] [id=7491]
  0x00007f368c0d4800 WatcherThread [stack: 0x00007f367361e000,0x00007f367371f000] [id=7500]

VM state:at safepoint (normal execution)

VM Mutex/Monitor currently owned by a thread:  ([mutex/lock_event])
[0x00007f368c0066d0] Threads_lock - owner thread: 0x00007f368c077800
[0x00007f368c006bd0] Heap_lock - owner thread: 0x00007f368c14c800

Heap:
 PSYoungGen      total 135168K, used 14315K [0x00000000eab00000, 0x00000000f3f00000, 0x0000000100000000)
  eden space 120832K, 0% used [0x00000000eab00000,0x00000000eab00000,0x00000000f2100000)
  from space 14336K, 99% used [0x00000000f2100000,0x00000000f2efadf8,0x00000000f2f00000)
  to   space 12288K, 0% used [0x00000000f2f00000,0x00000000f2f00000,0x00000000f3b00000)
 ParOldGen       total 40960K, used 25076K [0x00000000c0000000, 0x00000000c2800000, 0x00000000eab00000)
  object space 40960K, 61% used [0x00000000c0000000,0x00000000c187d240,0x00000000c2800000)
 Metaspace       used 6583K, capacity 7410K, committed 7552K, reserved 1056768K
  class space    used 611K, capacity 618K, committed 640K, reserved 1048576K

Card table byte_map: [0x00007f367c1ec000,0x00007f367c3ed000] byte_map_base: 0x00007f367bbec000

Marking Bits: (ParMarkBitMap*) 0x00007f3691bfb340
 Begin Bits: [0x00007f3679de8000, 0x00007f367ade8000)
 End Bits:   [0x00007f367ade8000, 0x00007f367bde8000)

Polling page: 0x00007f369284b000

CodeCache: size=245760Kb used=8181Kb max_used=8181Kb free=237578Kb
 bounds [0x00007f367c7ad000, 0x00007f367cfbd000, 0x00007f368b7ad000]
 total_blobs=2450 nmethods=2182 adapters=182
 compilation: enabled

Compilation events (10 events):
Event: 4.561 Thread 0x00007f368c0bc800 2343       3       java.util.TreeMap::put (247 bytes)
Event: 4.562 Thread 0x00007f368c0bc800 nmethod 2343 0x00007f367cf90b90 code [0x00007f367cf90e00, 0x00007f367cf91fd8]
Event: 4.594 Thread 0x00007f368c0bc800 2344       2       com.android.dx.dex.code.form.Form22t::compatibleRegs (48 bytes)
Event: 4.594 Thread 0x00007f368c0bc800 nmethod 2344 0x00007f367cf90310 code [0x00007f367cf904e0, 0x00007f367cf90868]
Event: 4.594 Thread 0x00007f368c0bc800 2345       1       com.android.dx.dex.code.form.Form20t::codeSize (2 bytes)
Event: 4.594 Thread 0x00007f368c0bc800 nmethod 2345 0x00007f367cf90050 code [0x00007f367cf901a0, 0x00007f367cf902b0]
Event: 4.603 Thread 0x00007f368c0bc800 2346 %     3       com.android.dx.dex.code.form.Form35c::wordCount @ 16 (74 bytes)
Event: 4.603 Thread 0x00007f368c0bc800 nmethod 2346% 0x00007f367cfac4d0 code [0x00007f367cfac6e0, 0x00007f367cfad3c8]
Event: 4.611 Thread 0x00007f368c0bc800 2347       2       com.android.dx.dex.code.form.Form20t::branchFits (22 bytes)
Event: 4.611 Thread 0x00007f368c0bc800 nmethod 2347 0x00007f367cf8f990 code [0x00007f367cf8fb20, 0x00007f367cf8fe38]

GC Heap History (10 events):
Event: 1.217 GC heap after
Heap after GC invocations=2 (full 0):
 PSYoungGen      total 33280K, used 2556K [0x00000000eab00000, 0x00000000ece00000, 0x0000000100000000)
  eden space 30720K, 0% used [0x00000000eab00000,0x00000000eab00000,0x00000000ec900000)
  from space 2560K, 99% used [0x00000000ecb80000,0x00000000ecdff2b0,0x00000000ece00000)
  to   space 2560K, 0% used [0x00000000ec900000,0x00000000ec900000,0x00000000ecb80000)
 ParOldGen       total 40960K, used 3058K [0x00000000c0000000, 0x00000000c2800000, 0x00000000eab00000)
  object space 40960K, 7% used [0x00000000c0000000,0x00000000c02fc850,0x00000000c2800000)
 Metaspace       used 5693K, capacity 6768K, committed 7040K, reserved 1056768K
  class space    used 573K, capacity 616K, committed 640K, reserved 1048576K
}
Event: 1.939 GC heap before
{Heap before GC invocations=3 (full 0):
 PSYoungGen      total 33280K, used 33276K [0x00000000eab00000, 0x00000000ece00000, 0x0000000100000000)
  eden space 30720K, 100% used [0x00000000eab00000,0x00000000ec900000,0x00000000ec900000)
  from space 2560K, 99% used [0x00000000ecb80000,0x00000000ecdff2b0,0x00000000ece00000)
  to   space 2560K, 0% used [0x00000000ec900000,0x00000000ec900000,0x00000000ecb80000)
 ParOldGen       total 40960K, used 3058K [0x00000000c0000000, 0x00000000c2800000, 0x00000000eab00000)
  object space 40960K, 7% used [0x00000000c0000000,0x00000000c02fc850,0x00000000c2800000)
 Metaspace       used 5863K, capacity 6896K, committed 7040K, reserved 1056768K
  class space    used 574K, capacity 616K, committed 640K, reserved 1048576K
Event: 1.960 GC heap after
Heap after GC invocations=3 (full 0):
 PSYoungGen      total 33280K, used 2533K [0x00000000eab00000, 0x00000000eec00000, 0x0000000100000000)
  eden space 30720K, 0% used [0x00000000eab00000,0x00000000eab00000,0x00000000ec900000)
  from space 2560K, 98% used [0x00000000ec900000,0x00000000ecb79660,0x00000000ecb80000)
  to   space 2560K, 0% used [0x00000000ee980000,0x00000000ee980000,0x00000000eec00000)
 ParOldGen       total 40960K, used 7724K [0x00000000c0000000, 0x00000000c2800000, 0x00000000eab00000)
  object space 40960K, 18% used [0x00000000c0000000,0x00000000c078b228,0x00000000c2800000)
 Metaspace       used 5863K, capacity 6896K, committed 7040K, reserved 1056768K
  class space    used 574K, capacity 616K, committed 640K, reserved 1048576K
}
Event: 2.142 GC heap before
{Heap before GC invocations=4 (full 0):
 PSYoungGen      total 33280K, used 33253K [0x00000000eab00000, 0x00000000eec00000, 0x0000000100000000)
  eden space 30720K, 100% used [0x00000000eab00000,0x00000000ec900000,0x00000000ec900000)
  from space 2560K, 98% used [0x00000000ec900000,0x00000000ecb79660,0x00000000ecb80000)
  to   space 2560K, 0% used [0x00000000ee980000,0x00000000ee980000,0x00000000eec00000)
 ParOldGen       total 40960K, used 7724K [0x00000000c0000000, 0x00000000c2800000, 0x00000000eab00000)
  object space 40960K, 18% used [0x00000000c0000000,0x00000000c078b228,0x00000000c2800000)
 Metaspace       used 5864K, capacity 6896K, committed 7040K, reserved 1056768K
  class space    used 574K, capacity 616K, committed 640K, reserved 1048576K
Event: 2.166 GC heap after
Heap after GC invocations=4 (full 0):
 PSYoungGen      total 64000K, used 2532K [0x00000000eab00000, 0x00000000eec00000, 0x0000000100000000)
  eden space 61440K, 0% used [0x00000000eab00000,0x00000000eab00000,0x00000000ee700000)
  from space 2560K, 98% used [0x00000000ee980000,0x00000000eebf9190,0x00000000eec00000)
  to   space 2560K, 0% used [0x00000000ee700000,0x00000000ee700000,0x00000000ee980000)
 ParOldGen       total 40960K, used 12385K [0x00000000c0000000, 0x00000000c2800000, 0x00000000eab00000)
  object space 40960K, 30% used [0x00000000c0000000,0x00000000c0c186f0,0x00000000c2800000)
 Metaspace       used 5864K, capacity 6896K, committed 7040K, reserved 1056768K
  class space    used 574K, capacity 616K, committed 640K, reserved 1048576K
}
Event: 2.566 GC heap before
{Heap before GC invocations=5 (full 0):
 PSYoungGen      total 64000K, used 63972K [0x00000000eab00000, 0x00000000eec00000, 0x0000000100000000)
  eden space 61440K, 100% used [0x00000000eab00000,0x00000000ee700000,0x00000000ee700000)
  from space 2560K, 98% used [0x00000000ee980000,0x00000000eebf9190,0x00000000eec00000)
  to   space 2560K, 0% used [0x00000000ee700000,0x00000000ee700000,0x00000000ee980000)
 ParOldGen       total 40960K, used 12385K [0x00000000c0000000, 0x00000000c2800000, 0x00000000eab00000)
  object space 40960K, 30% used [0x00000000c0000000,0x00000000c0c186f0,0x00000000c2800000)
 Metaspace       used 5891K, capacity 6896K, committed 7040K, reserved 1056768K
  class space    used 574K, capacity 616K, committed 640K, reserved 1048576K
Event: 2.608 GC heap after
Heap after GC invocations=5 (full 0):
 PSYoungGen      total 64000K, used 2544K [0x00000000eab00000, 0x00000000f3b00000, 0x0000000100000000)
  eden space 61440K, 0% used [0x00000000eab00000,0x00000000eab00000,0x00000000ee700000)
  from space 2560K, 99% used [0x00000000ee700000,0x00000000ee97c1f0,0x00000000ee980000)
  to   space 12288K, 0% used [0x00000000f2f00000,0x00000000f2f00000,0x00000000f3b00000)
 ParOldGen       total 40960K, used 21518K [0x00000000c0000000, 0x00000000c2800000, 0x00000000eab00000)
  object space 40960K, 52% used [0x00000000c0000000,0x00000000c1503b60,0x00000000c2800000)
 Metaspace       used 5891K, capacity 6896K, committed 7040K, reserved 1056768K
  class space    used 574K, capacity 616K, committed 640K, reserved 1048576K
}
Event: 2.966 GC heap before
{Heap before GC invocations=6 (full 0):
 PSYoungGen      total 64000K, used 63984K [0x00000000eab00000, 0x00000000f3b00000, 0x0000000100000000)
  eden space 61440K, 100% used [0x00000000eab00000,0x00000000ee700000,0x00000000ee700000)
  from space 2560K, 99% used [0x00000000ee700000,0x00000000ee97c1f0,0x00000000ee980000)
  to   space 12288K, 0% used [0x00000000f2f00000,0x00000000f2f00000,0x00000000f3b00000)
 ParOldGen       total 40960K, used 21518K [0x00000000c0000000, 0x00000000c2800000, 0x00000000eab00000)
  object space 40960K, 52% used [0x00000000c0000000,0x00000000c1503b60,0x00000000c2800000)
 Metaspace       used 6044K, capacity 6960K, committed 7040K, reserved 1056768K
  class space    used 592K, capacity 616K, committed 640K, reserved 1048576K
Event: 3.049 GC heap after
Heap after GC invocations=6 (full 0):
 PSYoungGen      total 133120K, used 11295K [0x00000000eab00000, 0x00000000f3f00000, 0x0000000100000000)
  eden space 120832K, 0% used [0x00000000eab00000,0x00000000eab00000,0x00000000f2100000)
  from space 12288K, 91% used [0x00000000f2f00000,0x00000000f3a07f58,0x00000000f3b00000)
  to   space 14336K, 0% used [0x00000000f2100000,0x00000000f2100000,0x00000000f2f00000)
 ParOldGen       total 40960K, used 21518K [0x00000000c0000000, 0x00000000c2800000, 0x00000000eab00000)
  object space 40960K, 52% used [0x00000000c0000000,0x00000000c1503b60,0x00000000c2800000)
 Metaspace       used 6044K, capacity 6960K, committed 7040K, reserved 1056768K
  class space    used 592K, capacity 616K, committed 640K, reserved 1048576K
}
Event: 4.614 GC heap before
{Heap before GC invocations=7 (full 0):
 PSYoungGen      total 133120K, used 132127K [0x00000000eab00000, 0x00000000f3f00000, 0x0000000100000000)
  eden space 120832K, 100% used [0x00000000eab00000,0x00000000f2100000,0x00000000f2100000)
  from space 12288K, 91% used [0x00000000f2f00000,0x00000000f3a07f58,0x00000000f3b00000)
  to   space 14336K, 0% used [0x00000000f2100000,0x00000000f2100000,0x00000000f2f00000)
 ParOldGen       total 40960K, used 21518K [0x00000000c0000000, 0x00000000c2800000, 0x00000000eab00000)
  object space 40960K, 52% used [0x00000000c0000000,0x00000000c1503b60,0x00000000c2800000)
 Metaspace       used 6583K, capacity 7410K, committed 7552K, reserved 1056768K
  class space    used 611K, capacity 618K, committed 640K, reserved 1048576K

Deoptimization events (10 events):
Event: 2.729 Thread 0x00007f368c14c800 Uncommon trap: reason=unstable_if action=reinterpret pc=0x00007f367cd1be78 method=java.util.HashMap.putVal(ILjava/lang/Object;Ljava/lang/Object;ZZ)Ljava/lang/Object; @ 109
Event: 2.893 Thread 0x00007f368c14c800 Uncommon trap: reason=unstable_if action=reinterpret pc=0x00007f367cbaa90c method=com.android.dx.dex.code.OutputFinisher.hasLocalInfo(Lcom/android/dx/dex/code/DalvInsn;)Z @ 24
Event: 2.910 Thread 0x00007f368c00a000 Uncommon trap: reason=unstable_if action=reinterpret pc=0x00007f367cd09cc4 method=com.android.dx.ssa.SCCP.simulateStmt(Lcom/android/dx/ssa/SsaInsn;)V @ 59
Event: 3.831 Thread 0x00007f368c14c800 Uncommon trap: reason=class_check action=maybe_recompile pc=0x00007f367cc0bb7c method=java.util.Arrays.hashCode([Ljava/lang/Object;)I @ 43
Event: 3.831 Thread 0x00007f368c14c800 Uncommon trap: reason=class_check action=maybe_recompile pc=0x00007f367cc0bb7c method=java.util.Arrays.hashCode([Ljava/lang/Object;)I @ 43
Event: 3.832 Thread 0x00007f368c14c800 Uncommon trap: reason=class_check action=maybe_recompile pc=0x00007f367cc0bb7c method=java.util.Arrays.hashCode([Ljava/lang/Object;)I @ 43
Event: 3.832 Thread 0x00007f368c14c800 Uncommon trap: reason=class_check action=maybe_recompile pc=0x00007f367cc0bb7c method=java.util.Arrays.hashCode([Ljava/lang/Object;)I @ 43
Event: 3.832 Thread 0x00007f368c14c800 Uncommon trap: reason=class_check action=maybe_recompile pc=0x00007f367cc18434 method=java.util.Arrays.hashCode([Ljava/lang/Object;)I @ 43
Event: 4.130 Thread 0x00007f368c14c800 Uncommon trap: reason=unstable_if action=reinterpret pc=0x00007f367cadcb54 method=java.util.Arrays.equals([Ljava/lang/Object;[Ljava/lang/Object;)Z @ 23
Event: 4.272 Thread 0x00007f368c14c800 Uncommon trap: reason=unstable_if action=reinterpret pc=0x00007f367cf2565c method=java.util.TreeMap.put(Ljava/lang/Object;Ljava/lang/Object;)Ljava/lang/Object; @ 163

Internal exceptions (7 events):
Event: 0.123 Thread 0x00007f368c00a000 Exception <a 'java/lang/NoSuchMethodError': Method sun.misc.Unsafe.defineClass(Ljava/lang/String;[BII)Ljava/lang/Class; name or signature does not match> (0x00000000eab07c78) thrown at [/ssd/Android/AOSP-openjdk/external/jetbrains/jdk/hotspot/src/share/vm
Event: 0.123 Thread 0x00007f368c00a000 Exception <a 'java/lang/NoSuchMethodError': Method sun.misc.Unsafe.prefetchRead(Ljava/lang/Object;J)V name or signature does not match> (0x00000000eab07f60) thrown at [/ssd/Android/AOSP-openjdk/external/jetbrains/jdk/hotspot/src/share/vm/prims/jni.cpp, li
Event: 1.272 Thread 0x00007f368c14d800 Implicit null exception at 0x00007f367ca73ab5 to 0x00007f367ca764b9
Event: 1.329 Thread 0x00007f368c148000 Implicit null exception at 0x00007f367ca7d388 to 0x00007f367ca7fe15
Event: 2.614 Thread 0x00007f368c14d800 Exception <a 'java/lang/ArrayIndexOutOfBoundsException': 18> (0x00000000eab08d78) thrown at [/ssd/Android/AOSP-openjdk/external/jetbrains/jdk/hotspot/src/share/vm/interpreter/interpreterRuntime.cpp, line 366]
Event: 2.614 Thread 0x00007f368c14d800 Exception <a 'java/lang/ArrayIndexOutOfBoundsException': 145> (0x00000000eab0a8f8) thrown at [/ssd/Android/AOSP-openjdk/external/jetbrains/jdk/hotspot/src/share/vm/interpreter/interpreterRuntime.cpp, line 366]
Event: 2.614 Thread 0x00007f368c14d800 Exception <a 'java/lang/ArrayIndexOutOfBoundsException': 40> (0x00000000eab0bbe0) thrown at [/ssd/Android/AOSP-openjdk/external/jetbrains/jdk/hotspot/src/share/vm/interpreter/interpreterRuntime.cpp, line 366]

Events (10 events):
Event: 4.284 Thread 0x00007f368c14c800 DEOPT UNPACKING pc=0x00007f367c7f4373 sp=0x00007f367351b1d0 mode 0
Event: 4.284 Thread 0x00007f368c14c800 DEOPT PACKING pc=0x00007f367cf29c5e sp=0x00007f367351b370
Event: 4.284 Thread 0x00007f368c14c800 DEOPT UNPACKING pc=0x00007f367c7f4373 sp=0x00007f367351b118 mode 0
Event: 4.287 Thread 0x00007f368c14c800 DEOPT PACKING pc=0x00007f367cf01979 sp=0x00007f367351b360
Event: 4.287 Thread 0x00007f368c14c800 DEOPT UNPACKING pc=0x00007f367c7f4373 sp=0x00007f367351b108 mode 0
Event: 4.366 Thread 0x00007f368c14c800 DEOPT PACKING pc=0x00007f367cf521fd sp=0x00007f367351b250
Event: 4.366 Thread 0x00007f368c14c800 DEOPT UNPACKING pc=0x00007f367c7f4373 sp=0x00007f367351af98 mode 0
Event: 4.504 Thread 0x00007f368c14c800 DEOPT PACKING pc=0x00007f367cf5cac1 sp=0x00007f367351b350
Event: 4.504 Thread 0x00007f368c14c800 DEOPT UNPACKING pc=0x00007f367c7f4373 sp=0x00007f367351b0e8 mode 0
Event: 4.614 Executing VM operation: ParallelGCFailedAllocation


Dynamic libraries:
00400000-00401000 r-xp 00000000 08:02 2242619                            /home/tapapps/Downloads/android-studio/jre/bin/java
00600000-00601000 r--p 00000000 08:02 2242619                            /home/tapapps/Downloads/android-studio/jre/bin/java
00601000-00602000 rw-p 00001000 08:02 2242619                            /home/tapapps/Downloads/android-studio/jre/bin/java
01ede000-01eff000 rw-p 00000000 00:00 0                                  [heap]
c0000000-c2800000 rw-p 00000000 00:00 0 
c2800000-eab00000 ---p 00000000 00:00 0 
eab00000-f3f00000 rw-p 00000000 00:00 0 
fbb00000-100000000 ---p 00000000 00:00 0 
100000000-1000a0000 rw-p 00000000 00:00 0 
1000a0000-140000000 ---p 00000000 00:00 0 
7f3624000000-7f3624021000 rw-p 00000000 00:00 0 
7f3624021000-7f3628000000 ---p 00000000 00:00 0 
7f362c000000-7f362c021000 rw-p 00000000 00:00 0 
7f362c021000-7f3630000000 ---p 00000000 00:00 0 
7f3630000000-7f3630022000 rw-p 00000000 00:00 0 
7f3630022000-7f3634000000 ---p 00000000 00:00 0 
7f3634000000-7f363403c000 rw-p 00000000 00:00 0 
7f363403c000-7f3638000000 ---p 00000000 00:00 0 
7f3638000000-7f3638021000 rw-p 00000000 00:00 0 
7f3638021000-7f363c000000 ---p 00000000 00:00 0 
7f363c000000-7f363c021000 rw-p 00000000 00:00 0 
7f363c021000-7f3640000000 ---p 00000000 00:00 0 
7f3640000000-7f3640021000 rw-p 00000000 00:00 0 
7f3640021000-7f3644000000 ---p 00000000 00:00 0 
7f3644000000-7f3644911000 rw-p 00000000 00:00 0 
7f3644911000-7f3648000000 ---p 00000000 00:00 0 
7f3648000000-7f3648b40000 rw-p 00000000 00:00 0 
7f3648b40000-7f364c000000 ---p 00000000 00:00 0 
7f364c000000-7f364c021000 rw-p 00000000 00:00 0 
7f364c021000-7f3650000000 ---p 00000000 00:00 0 
7f3650000000-7f3650a9f000 rw-p 00000000 00:00 0 
7f3650a9f000-7f3654000000 ---p 00000000 00:00 0 
7f3654000000-7f3654021000 rw-p 00000000 00:00 0 
7f3654021000-7f3658000000 ---p 00000000 00:00 0 
7f3658000000-7f3658021000 rw-p 00000000 00:00 0 
7f3658021000-7f365c000000 ---p 00000000 00:00 0 
7f365c000000-7f365c021000 rw-p 00000000 00:00 0 
7f365c021000-7f3660000000 ---p 00000000 00:00 0 
7f3660000000-7f366027e000 rw-p 00000000 00:00 0 
7f366027e000-7f3664000000 ---p 00000000 00:00 0 
7f3664000000-7f3664021000 rw-p 00000000 00:00 0 
7f3664021000-7f3668000000 ---p 00000000 00:00 0 
7f366c000000-7f366c021000 rw-p 00000000 00:00 0 
7f366c021000-7f3670000000 ---p 00000000 00:00 0 
7f3673119000-7f367311c000 ---p 00000000 00:00 0 
7f367311c000-7f367321a000 rw-p 00000000 00:00 0 
7f367321a000-7f367321d000 ---p 00000000 00:00 0 
7f367321d000-7f367331b000 rw-p 00000000 00:00 0 
7f367331b000-7f367331e000 ---p 00000000 00:00 0 
7f367331e000-7f367341c000 rw-p 00000000 00:00 0 
7f367341c000-7f367341f000 ---p 00000000 00:00 0 
7f367341f000-7f367351d000 rw-p 00000000 00:00 0 
7f367351d000-7f3673520000 ---p 00000000 00:00 0 
7f3673520000-7f367361e000 rw-p 00000000 00:00 0 
7f367361e000-7f367361f000 ---p 00000000 00:00 0 
7f367361f000-7f367371f000 rw-p 00000000 00:00 0 
7f367371f000-7f3673722000 ---p 00000000 00:00 0 
7f3673722000-7f3673820000 rw-p 00000000 00:00 0 
7f3673820000-7f3673823000 ---p 00000000 00:00 0 
7f3673823000-7f3673921000 rw-p 00000000 00:00 0 
7f3673921000-7f3673924000 ---p 00000000 00:00 0 
7f3673924000-7f3673a22000 rw-p 00000000 00:00 0 
7f3673a22000-7f3673a25000 ---p 00000000 00:00 0 
7f3673a25000-7f3673b23000 rw-p 00000000 00:00 0 
7f3673b23000-7f3673b26000 ---p 00000000 00:00 0 
7f3673b26000-7f3673c24000 rw-p 00000000 00:00 0 
7f3673c24000-7f3673eff000 r--p 00000000 08:02 4851737                    /usr/lib/locale/locale-archive
7f3673eff000-7f3673f02000 ---p 00000000 00:00 0 
7f3673f02000-7f3674000000 rw-p 00000000 00:00 0 
7f3674000000-7f3674021000 rw-p 00000000 00:00 0 
7f3674021000-7f3678000000 ---p 00000000 00:00 0 
7f3678055000-7f3678063000 r--s 000e0000 08:02 5131304                    /home/tapapps/Android/Sdk/build-tools/25.0.0/lib/dx.jar
7f3678063000-7f3678066000 ---p 00000000 00:00 0 
7f3678066000-7f3678164000 rw-p 00000000 00:00 0 
7f3678164000-7f3678165000 ---p 00000000 00:00 0 
7f3678165000-7f3679219000 rw-p 00000000 00:00 0 
7f3679219000-7f36793e8000 r--s 03c1b000 08:02 2242680                    /home/tapapps/Downloads/android-studio/jre/jre/lib/rt.jar
7f36793e8000-7f3679aa8000 rw-p 00000000 00:00 0 
7f3679aa8000-7f3679be8000 ---p 00000000 00:00 0 
7f3679be8000-7f367bde8000 rw-p 00000000 00:00 0 
7f367bde8000-7f367bde9000 ---p 00000000 00:00 0 
7f367bde9000-7f367bee9000 rw-p 00000000 00:00 0 
7f367bee9000-7f367beea000 ---p 00000000 00:00 0 
7f367beea000-7f367bfea000 rw-p 00000000 00:00 0 
7f367bfea000-7f367bfeb000 ---p 00000000 00:00 0 
7f367bfeb000-7f367c0eb000 rw-p 00000000 00:00 0 
7f367c0eb000-7f367c0ec000 ---p 00000000 00:00 0 
7f367c0ec000-7f367c200000 rw-p 00000000 00:00 0 
7f367c200000-7f367c341000 ---p 00000000 00:00 0 
7f367c341000-7f367c38c000 rw-p 00000000 00:00 0 
7f367c38c000-7f367c3ec000 ---p 00000000 00:00 0 
7f367c3ec000-7f367c40e000 rw-p 00000000 00:00 0 
7f367c40e000-7f367c7ad000 ---p 00000000 00:00 0 
7f367c7ad000-7f367cfbd000 rwxp 00000000 00:00 0 
7f367cfbd000-7f368b7ad000 ---p 00000000 00:00 0 
7f368b7ad000-7f368b7c7000 r-xp 00000000 08:02 2242707                    /home/tapapps/Downloads/android-studio/jre/jre/lib/amd64/libzip.so
7f368b7c7000-7f368b9c7000 ---p 0001a000 08:02 2242707                    /home/tapapps/Downloads/android-studio/jre/jre/lib/amd64/libzip.so
7f368b9c7000-7f368b9c8000 r--p 0001a000 08:02 2242707                    /home/tapapps/Downloads/android-studio/jre/jre/lib/amd64/libzip.so
7f368b9c8000-7f368b9c9000 rw-p 0001b000 08:02 2242707                    /home/tapapps/Downloads/android-studio/jre/jre/lib/amd64/libzip.so
7f368b9c9000-7f368b9d4000 r-xp 00000000 08:02 524512                     /lib/x86_64-linux-gnu/libnss_files-2.24.so
7f368b9d4000-7f368bbd3000 ---p 0000b000 08:02 524512                     /lib/x86_64-linux-gnu/libnss_files-2.24.so
7f368bbd3000-7f368bbd4000 r--p 0000a000 08:02 524512                     /lib/x86_64-linux-gnu/libnss_files-2.24.so
7f368bbd4000-7f368bbd5000 rw-p 0000b000 08:02 524512                     /lib/x86_64-linux-gnu/libnss_files-2.24.so
7f368bbd5000-7f368bbdb000 rw-p 00000000 00:00 0 
7f368bbdb000-7f368bbe6000 r-xp 00000000 08:02 524514                     /lib/x86_64-linux-gnu/libnss_nis-2.24.so
7f368bbe6000-7f368bde5000 ---p 0000b000 08:02 524514                     /lib/x86_64-linux-gnu/libnss_nis-2.24.so
7f368bde5000-7f368bde6000 r--p 0000a000 08:02 524514                     /lib/x86_64-linux-gnu/libnss_nis-2.24.so
7f368bde6000-7f368bde7000 rw-p 0000b000 08:02 524514                     /lib/x86_64-linux-gnu/libnss_nis-2.24.so
7f368bde7000-7f368bdfd000 r-xp 00000000 08:02 524509                     /lib/x86_64-linux-gnu/libnsl-2.24.so
7f368bdfd000-7f368bffc000 ---p 00016000 08:02 524509                     /lib/x86_64-linux-gnu/libnsl-2.24.so
7f368bffc000-7f368bffd000 r--p 00015000 08:02 524509                     /lib/x86_64-linux-gnu/libnsl-2.24.so
7f368bffd000-7f368bffe000 rw-p 00016000 08:02 524509                     /lib/x86_64-linux-gnu/libnsl-2.24.so
7f368bffe000-7f368c000000 rw-p 00000000 00:00 0 
7f368c000000-7f368c38f000 rw-p 00000000 00:00 0 
7f368c38f000-7f3690000000 ---p 00000000 00:00 0 
7f3690006000-7f3690090000 rw-p 00000000 00:00 0 
7f3690090000-7f36901d2000 ---p 00000000 00:00 0 
7f36901d2000-7f36901da000 r-xp 00000000 08:02 524510                     /lib/x86_64-linux-gnu/libnss_compat-2.24.so
7f36901da000-7f36903d9000 ---p 00008000 08:02 524510                     /lib/x86_64-linux-gnu/libnss_compat-2.24.so
7f36903d9000-7f36903da000 r--p 00007000 08:02 524510                     /lib/x86_64-linux-gnu/libnss_compat-2.24.so
7f36903da000-7f36903db000 rw-p 00008000 08:02 524510                     /lib/x86_64-linux-gnu/libnss_compat-2.24.so
7f36903db000-7f3690408000 r-xp 00000000 08:02 2242717                    /home/tapapps/Downloads/android-studio/jre/jre/lib/amd64/libjava.so
7f3690408000-7f3690607000 ---p 0002d000 08:02 2242717                    /home/tapapps/Downloads/android-studio/jre/jre/lib/amd64/libjava.so
7f3690607000-7f3690608000 r--p 0002c000 08:02 2242717                    /home/tapapps/Downloads/android-studio/jre/jre/lib/amd64/libjava.so
7f3690608000-7f369060a000 rw-p 0002d000 08:02 2242717                    /home/tapapps/Downloads/android-studio/jre/jre/lib/amd64/libjava.so
7f369060a000-7f369061a000 r-xp 00000000 08:02 2242733                    /home/tapapps/Downloads/android-studio/jre/jre/lib/amd64/libverify.so
7f369061a000-7f3690819000 ---p 00010000 08:02 2242733                    /home/tapapps/Downloads/android-studio/jre/jre/lib/amd64/libverify.so
7f3690819000-7f369081b000 r--p 0000f000 08:02 2242733                    /home/tapapps/Downloads/android-studio/jre/jre/lib/amd64/libverify.so
7f369081b000-7f369081c000 rw-p 00011000 08:02 2242733                    /home/tapapps/Downloads/android-studio/jre/jre/lib/amd64/libverify.so
7f369081c000-7f3690823000 r-xp 00000000 08:02 524519                     /lib/x86_64-linux-gnu/librt-2.24.so
7f3690823000-7f3690a22000 ---p 00007000 08:02 524519                     /lib/x86_64-linux-gnu/librt-2.24.so
7f3690a22000-7f3690a23000 r--p 00006000 08:02 524519                     /lib/x86_64-linux-gnu/librt-2.24.so
7f3690a23000-7f3690a24000 rw-p 00007000 08:02 524519                     /lib/x86_64-linux-gnu/librt-2.24.so
7f3690a24000-7f3690b2c000 r-xp 00000000 08:02 524506                     /lib/x86_64-linux-gnu/libm-2.24.so
7f3690b2c000-7f3690d2b000 ---p 00108000 08:02 524506                     /lib/x86_64-linux-gnu/libm-2.24.so
7f3690d2b000-7f3690d2c000 r--p 00107000 08:02 524506                     /lib/x86_64-linux-gnu/libm-2.24.so
7f3690d2c000-7f3690d2d000 rw-p 00108000 08:02 524506                     /lib/x86_64-linux-gnu/libm-2.24.so
7f3690d2d000-7f369191e000 r-xp 00000000 08:02 2242737                    /home/tapapps/Downloads/android-studio/jre/jre/lib/amd64/server/libjvm.so
7f369191e000-7f3691b1e000 ---p 00bf1000 08:02 2242737                    /home/tapapps/Downloads/android-studio/jre/jre/lib/amd64/server/libjvm.so
7f3691b1e000-7f3691bbd000 r--p 00bf1000 08:02 2242737                    /home/tapapps/Downloads/android-studio/jre/jre/lib/amd64/server/libjvm.so
7f3691bbd000-7f3691be6000 rw-p 00c90000 08:02 2242737                    /home/tapapps/Downloads/android-studio/jre/jre/lib/amd64/server/libjvm.so
7f3691be6000-7f3691c2a000 rw-p 00000000 00:00 0 
7f3691c2a000-7f3691c42000 r-xp 00000000 08:02 524517                     /lib/x86_64-linux-gnu/libpthread-2.24.so
7f3691c42000-7f3691e42000 ---p 00018000 08:02 524517                     /lib/x86_64-linux-gnu/libpthread-2.24.so
7f3691e42000-7f3691e43000 r--p 00018000 08:02 524517                     /lib/x86_64-linux-gnu/libpthread-2.24.so
7f3691e43000-7f3691e44000 rw-p 00019000 08:02 524517                     /lib/x86_64-linux-gnu/libpthread-2.24.so
7f3691e44000-7f3691e48000 rw-p 00000000 00:00 0 
7f3691e48000-7f3691e4b000 r-xp 00000000 08:02 524505                     /lib/x86_64-linux-gnu/libdl-2.24.so
7f3691e4b000-7f369204a000 ---p 00003000 08:02 524505                     /lib/x86_64-linux-gnu/libdl-2.24.so
7f369204a000-7f369204b000 r--p 00002000 08:02 524505                     /lib/x86_64-linux-gnu/libdl-2.24.so
7f369204b000-7f369204c000 rw-p 00003000 08:02 524505                     /lib/x86_64-linux-gnu/libdl-2.24.so
7f369204c000-7f369220a000 r-xp 00000000 08:02 524502                     /lib/x86_64-linux-gnu/libc-2.24.so
7f369220a000-7f3692409000 ---p 001be000 08:02 524502                     /lib/x86_64-linux-gnu/libc-2.24.so
7f3692409000-7f369240d000 r--p 001bd000 08:02 524502                     /lib/x86_64-linux-gnu/libc-2.24.so
7f369240d000-7f369240f000 rw-p 001c1000 08:02 524502                     /lib/x86_64-linux-gnu/libc-2.24.so
7f369240f000-7f3692413000 rw-p 00000000 00:00 0 
7f3692413000-7f3692429000 r-xp 00000000 08:02 2242593                    /home/tapapps/Downloads/android-studio/jre/lib/amd64/jli/libjli.so
7f3692429000-7f3692628000 ---p 00016000 08:02 2242593                    /home/tapapps/Downloads/android-studio/jre/lib/amd64/jli/libjli.so
7f3692628000-7f3692629000 r--p 00015000 08:02 2242593                    /home/tapapps/Downloads/android-studio/jre/lib/amd64/jli/libjli.so
7f3692629000-7f369262a000 rw-p 00016000 08:02 2242593                    /home/tapapps/Downloads/android-studio/jre/lib/amd64/jli/libjli.so
7f369262a000-7f3692650000 r-xp 00000000 08:02 524498                     /lib/x86_64-linux-gnu/ld-2.24.so
7f3692656000-7f3692727000 rw-p 00000000 00:00 0 
7f3692727000-7f369272a000 ---p 00000000 00:00 0 
7f369272a000-7f369282a000 rw-p 00000000 00:00 0 
7f369282e000-7f3692842000 rw-p 00000000 00:00 0 
7f3692842000-7f369284a000 rw-s 00000000 08:02 4881750                    /tmp/hsperfdata_tapapps/7466
7f369284a000-7f369284b000 rw-p 00000000 00:00 0 
7f369284b000-7f369284c000 ---p 00000000 00:00 0 
7f369284c000-7f369284f000 rw-p 00000000 00:00 0 
7f369284f000-7f3692850000 r--p 00025000 08:02 524498                     /lib/x86_64-linux-gnu/ld-2.24.so
7f3692850000-7f3692851000 rw-p 00026000 08:02 524498                     /lib/x86_64-linux-gnu/ld-2.24.so
7f3692851000-7f3692852000 rw-p 00000000 00:00 0 
7ffdf8b01000-7ffdf8b23000 rw-p 00000000 00:00 0                          [stack]
7ffdf8b85000-7ffdf8b87000 r--p 00000000 00:00 0                          [vvar]
7ffdf8b87000-7ffdf8b89000 r-xp 00000000 00:00 0                          [vdso]
ffffffffff600000-ffffffffff601000 r-xp 00000000 00:00 0                  [vsyscall]

VM Arguments:
jvm_args: -Djava.awt.headless=true -Xmx1024M -Dfile.encoding=UTF-8 -Duser.country=IN -Duser.language=en -Duser.variant 
java_command: com.android.dx.command.Main --dex --force-jumbo --num-threads=4 --multi-dex --output /var/www/html/CleanCity/android/app/build/intermediates/transforms/dex/debug/folders/1000/10/classes_b642d10c6e699bd98a5f1881fd348c3b8b40ef59 /home/tapapps/.android/build-cache/0b7f3679b463f057d354dce3434d9a4f978bca52/output/jars/classes.jar
java_class_path (initial): /home/tapapps/Android/Sdk/build-tools/25.0.0/lib/dx.jar
Launcher Type: SUN_STANDARD

Environment Variables:
PATH=/home/tapapps/bin:/usr/local/sbin:/usr/local/bin:/usr/sbin:/usr/bin:/sbin:/bin:/usr/games:/usr/local/games:/snap/bin:/home/tapapps/Android/Sdk/platform-tools:/home/tapapps/Android/Sdk/tools
LD_LIBRARY_PATH=.:
SHELL=/bin/bash
DISPLAY=:0

Signal Handlers:
SIGSEGV: [libjvm.so+0x9e5150], sa_mask[0]=11111111011111111101111111111110, sa_flags=SA_RESTART|SA_SIGINFO
SIGBUS: [libjvm.so+0x9e5150], sa_mask[0]=11111111011111111101111111111110, sa_flags=SA_RESTART|SA_SIGINFO
SIGFPE: [libjvm.so+0x848450], sa_mask[0]=11111111011111111101111111111110, sa_flags=SA_RESTART|SA_SIGINFO
SIGPIPE: [libjvm.so+0x848450], sa_mask[0]=11111111011111111101111111111110, sa_flags=SA_RESTART|SA_SIGINFO
SIGXFSZ: [libjvm.so+0x848450], sa_mask[0]=11111111011111111101111111111110, sa_flags=SA_RESTART|SA_SIGINFO
SIGILL: [libjvm.so+0x848450], sa_mask[0]=11111111011111111101111111111110, sa_flags=SA_RESTART|SA_SIGINFO
SIGUSR1: SIG_DFL, sa_mask[0]=00000000000000000000000000000000, sa_flags=none
SIGUSR2: [libjvm.so+0x848320], sa_mask[0]=00100000000000000000000000000000, sa_flags=SA_RESTART|SA_SIGINFO
SIGHUP: [libjvm.so+0x848510], sa_mask[0]=11111111011111111101111111111110, sa_flags=SA_RESTART|SA_SIGINFO
SIGINT: [libjvm.so+0x848510], sa_mask[0]=11111111011111111101111111111110, sa_flags=SA_RESTART|SA_SIGINFO
SIGTERM: [libjvm.so+0x848510], sa_mask[0]=11111111011111111101111111111110, sa_flags=SA_RESTART|SA_SIGINFO
SIGQUIT: [libjvm.so+0x848510], sa_mask[0]=11111111011111111101111111111110, sa_flags=SA_RESTART|SA_SIGINFO


---------------  S Y S T E M  ---------------

OS:DISTRIB_ID=Ubuntu
DISTRIB_RELEASE=17.04
DISTRIB_CODENAME=zesty
DISTRIB_DESCRIPTION="Ubuntu 17.04"

uname:Linux 4.10.0-33-generic #37-Ubuntu SMP Fri Aug 11 10:55:28 UTC 2017 x86_64
libc:glibc 2.24 NPTL 2.24 
rlimit: STACK 8192k, CORE 0k, NPROC 14917, NOFILE 4096, AS infinity
load average:3.17 1.34 1.33

/proc/meminfo:
MemTotal:        3925924 kB
MemFree:          114180 kB
MemAvailable:      45044 kB
Buffers:             500 kB
Cached:           229236 kB
SwapCached:        19316 kB
Active:          2935248 kB
Inactive:         593628 kB
Active(anon):    2928336 kB
Inactive(anon):   585684 kB
Active(file):       6912 kB
Inactive(file):     7944 kB
Unevictable:         168 kB
Mlocked:             168 kB
SwapTotal:       2097148 kB
SwapFree:              0 kB
Dirty:              1212 kB
Writeback:             0 kB
AnonPages:       3281336 kB
Mapped:            57108 kB
Shmem:            214184 kB
Slab:             146960 kB
SReclaimable:      93304 kB
SUnreclaim:        53656 kB
KernelStack:       13696 kB
PageTables:        65592 kB
NFS_Unstable:          0 kB
Bounce:                0 kB
WritebackTmp:          0 kB
CommitLimit:     4060108 kB
Committed_AS:   11678580 kB
VmallocTotal:   34359738367 kB
VmallocUsed:           0 kB
VmallocChunk:          0 kB
HardwareCorrupted:     0 kB
AnonHugePages:    446464 kB
ShmemHugePages:        0 kB
ShmemPmdMapped:        0 kB
CmaTotal:              0 kB
CmaFree:               0 kB
HugePages_Total:       0
HugePages_Free:        0
HugePages_Rsvd:        0
HugePages_Surp:        0
Hugepagesize:       2048 kB
DirectMap4k:      170488 kB
DirectMap2M:     3905536 kB
DirectMap1G:           0 kB


CPU:total 4 (2 cores per cpu, 2 threads per core) family 6 model 94 stepping 3, cmov, cx8, fxsr, mmx, sse, sse2, sse3, ssse3, sse4.1, sse4.2, popcnt, avx, avx2, aes, clmul, erms, 3dnowpref, lzcnt, ht, tsc, tscinvbit, bmi1, bmi2, adx

/proc/cpuinfo:
processor	: 0
vendor_id	: GenuineIntel
cpu family	: 6
model		: 94
model name	: Intel(R) Core(TM) i3-6098P CPU @ 3.60GHz
stepping	: 3
microcode	: 0xba
cpu MHz		: 3600.000
cache size	: 3072 KB
physical id	: 0
siblings	: 4
core id		: 0
cpu cores	: 2
apicid		: 0
initial apicid	: 0
fpu		: yes
fpu_exception	: yes
cpuid level	: 22
wp		: yes
flags		: fpu vme de pse tsc msr pae mce cx8 apic sep mtrr pge mca cmov pat pse36 clflush dts acpi mmx fxsr sse sse2 ss ht tm pbe syscall nx pdpe1gb rdtscp lm constant_tsc art arch_perfmon pebs bts rep_good nopl xtopology nonstop_tsc aperfmperf tsc_known_freq pni pclmulqdq dtes64 monitor ds_cpl vmx est tm2 ssse3 sdbg fma cx16 xtpr pdcm pcid sse4_1 sse4_2 x2apic movbe popcnt tsc_deadline_timer aes xsave avx f16c rdrand lahf_lm abm 3dnowprefetch intel_pt tpr_shadow vnmi flexpriority ept vpid fsgsbase tsc_adjust bmi1 avx2 smep bmi2 erms invpcid mpx rdseed adx smap clflushopt xsaveopt xsavec xgetbv1 xsaves dtherm arat pln pts hwp hwp_notify hwp_act_window hwp_epp
bugs		:
bogomips	: 7200.00
clflush size	: 64
cache_alignment	: 64
address sizes	: 39 bits physical, 48 bits virtual
power management:

processor	: 1
vendor_id	: GenuineIntel
cpu family	: 6
model		: 94
model name	: Intel(R) Core(TM) i3-6098P CPU @ 3.60GHz
stepping	: 3
microcode	: 0xba
cpu MHz		: 3600.000
cache size	: 3072 KB
physical id	: 0
siblings	: 4
core id		: 1
cpu cores	: 2
apicid		: 2
initial apicid	: 2
fpu		: yes
fpu_exception	: yes
cpuid level	: 22
wp		: yes
flags		: fpu vme de pse tsc msr pae mce cx8 apic sep mtrr pge mca cmov pat pse36 clflush dts acpi mmx fxsr sse sse2 ss ht tm pbe syscall nx pdpe1gb rdtscp lm constant_tsc art arch_perfmon pebs bts rep_good nopl xtopology nonstop_tsc aperfmperf tsc_known_freq pni pclmulqdq dtes64 monitor ds_cpl vmx est tm2 ssse3 sdbg fma cx16 xtpr pdcm pcid sse4_1 sse4_2 x2apic movbe popcnt tsc_deadline_timer aes xsave avx f16c rdrand lahf_lm abm 3dnowprefetch intel_pt tpr_shadow vnmi flexpriority ept vpid fsgsbase tsc_adjust bmi1 avx2 smep bmi2 erms invpcid mpx rdseed adx smap clflushopt xsaveopt xsavec xgetbv1 xsaves dtherm arat pln pts hwp hwp_notify hwp_act_window hwp_epp
bugs		:
bogomips	: 7200.00
clflush size	: 64
cache_alignment	: 64
address sizes	: 39 bits physical, 48 bits virtual
power management:

processor	: 2
vendor_id	: GenuineIntel
cpu family	: 6
model		: 94
model name	: Intel(R) Core(TM) i3-6098P CPU @ 3.60GHz
stepping	: 3
microcode	: 0xba
cpu MHz		: 3599.780
cache size	: 3072 KB
physical id	: 0
siblings	: 4
core id		: 0
cpu cores	: 2
apicid		: 1
initial apicid	: 1
fpu		: yes
fpu_exception	: yes
cpuid level	: 22
wp		: yes
flags		: fpu vme de pse tsc msr pae mce cx8 apic sep mtrr pge mca cmov pat pse36 clflush dts acpi mmx fxsr sse sse2 ss ht tm pbe syscall nx pdpe1gb rdtscp lm constant_tsc art arch_perfmon pebs bts rep_good nopl xtopology nonstop_tsc aperfmperf tsc_known_freq pni pclmulqdq dtes64 monitor ds_cpl vmx est tm2 ssse3 sdbg fma cx16 xtpr pdcm pcid sse4_1 sse4_2 x2apic movbe popcnt tsc_deadline_timer aes xsave avx f16c rdrand lahf_lm abm 3dnowprefetch intel_pt tpr_shadow vnmi flexpriority ept vpid fsgsbase tsc_adjust bmi1 avx2 smep bmi2 erms invpcid mpx rdseed adx smap clflushopt xsaveopt xsavec xgetbv1 xsaves dtherm arat pln pts hwp hwp_notify hwp_act_window hwp_epp
bugs		:
bogomips	: 7200.00
clflush size	: 64
cache_alignment	: 64
address sizes	: 39 bits physical, 48 bits virtual
power management:

processor	: 3
vendor_id	: GenuineIntel
cpu family	: 6
model		: 94
model name	: Intel(R) Core(TM) i3-6098P CPU @ 3.60GHz
stepping	: 3
microcode	: 0xba
cpu MHz		: 3600.000
cache size	: 3072 KB
physical id	: 0
siblings	: 4
core id		: 1
cpu cores	: 2
apicid		: 3
initial apicid	: 3
fpu		: yes
fpu_exception	: yes
cpuid level	: 22
wp		: yes
flags		: fpu vme de pse tsc msr pae mce cx8 apic sep mtrr pge mca cmov pat pse36 clflush dts acpi mmx fxsr sse sse2 ss ht tm pbe syscall nx pdpe1gb rdtscp lm constant_tsc art arch_perfmon pebs bts rep_good nopl xtopology nonstop_tsc aperfmperf tsc_known_freq pni pclmulqdq dtes64 monitor ds_cpl vmx est tm2 ssse3 sdbg fma cx16 xtpr pdcm pcid sse4_1 sse4_2 x2apic movbe popcnt tsc_deadline_timer aes xsave avx f16c rdrand lahf_lm abm 3dnowprefetch intel_pt tpr_shadow vnmi flexpriority ept vpid fsgsbase tsc_adjust bmi1 avx2 smep bmi2 erms invpcid mpx rdseed adx smap clflushopt xsaveopt xsavec xgetbv1 xsaves dtherm arat pln pts hwp hwp_notify hwp_act_window hwp_epp
bugs		:
bogomips	: 7200.00
clflush size	: 64
cache_alignment	: 64
address sizes	: 39 bits physical, 48 bits virtual
power management:



Memory: 4k page, physical 3925924k(114180k free), swap 2097148k(0k free)

vm_info: OpenJDK 64-Bit Server VM (25.112-b06) for linux-amd64 JRE (1.8.0_112-release-b06), built on Dec  6 2016 12:11:18 by "builder" with gcc 4.8.4

time: Wed Sep 13 10:25:42 2017
elapsed time: 5 seconds (0d 0h 0m 5s)

